<?xml version="1.0" encoding="UTF-8"?>
<testsuite name="frontend.chartDrawer.chartGenerator.chartGeneratorUtilities.chartGridAndDescriptionGenerator.utilities.VisibleTimeStampsFilterTest" tests="1" skipped="0" failures="0" errors="0" timestamp="2020-06-22T09:30:35" hostname="DESKTOP-JP0A0PE" time="0.057">
  <properties/>
  <testcase name="selectVisibleTimeStamps" classname="frontend.chartDrawer.chartGenerator.chartGeneratorUtilities.chartGridAndDescriptionGenerator.utilities.VisibleTimeStampsFilterTest" time="0.057"/>
  <system-out><![CDATA[1
3
5
]]></system-out>
  <system-err><![CDATA[]]></system-err>
</testsuite>
