<?xml version="1.0" encoding="UTF-8"?>
<testsuite name="frontend.chartDrawer.chartGenerator.chartGeneratorUtilities.chartGridAndDescriptionGenerator.utilities.VisibleTimeStampsFilterTest" tests="1" skipped="0" failures="0" errors="0" timestamp="2020-04-06T16:58:33" hostname="luke-desktop" time="0.412">
  <properties/>
  <testcase name="selectVisibleTimeStamps" classname="frontend.chartDrawer.chartGenerator.chartGeneratorUtilities.chartGridAndDescriptionGenerator.utilities.VisibleTimeStampsFilterTest" time="0.412"/>
  <system-out><![CDATA[1
3
5
]]></system-out>
  <system-err><![CDATA[]]></system-err>
</testsuite>
