<?xml version="1.0" encoding="UTF-8"?>
<testsuite name="frontend.chartDrawer.chartGenerator.ChartGeneratorTest" tests="1" skipped="0" failures="1" errors="0" timestamp="2020-06-04T18:38:14" hostname="DESKTOP-JP0A0PE" time="0.041">
  <properties/>
  <testcase name="generateChartPartiallyNull" classname="frontend.chartDrawer.chartGenerator.ChartGeneratorTest" time="0.041">
    <failure message="java.lang.NullPointerException" type="java.lang.NullPointerException">java.lang.NullPointerException
	at frontend.chartDrawer.chartGenerator.chartGeneratorUtilities.IncomingObjectTester.dataPointNotOk(IncomingObjectTester.java:46)
	at frontend.chartDrawer.chartGenerator.chartGeneratorUtilities.IncomingObjectTester.dataPointsIsOk(IncomingObjectTester.java:40)
	at frontend.chartDrawer.chartGenerator.chartGeneratorUtilities.IncomingObjectTester.currencyOverviewDtoIsCorrect(IncomingObjectTester.java:32)
	at frontend.chartDrawer.chartGenerator.chartGeneratorUtilities.IncomingObjectTester.isObjectCorrect(IncomingObjectTester.java:18)
	at frontend.chartDrawer.chartGenerator.ChartGenerator.visualizeChart(ChartGenerator.java:40)
	at frontend.chartDrawer.chartGenerator.ChartGeneratorTest.generateChartPartiallyNull(ChartGeneratorTest.java:80)
	at java.base/jdk.internal.reflect.NativeMethodAccessorImpl.invoke0(Native Method)
	at java.base/jdk.internal.reflect.NativeMethodAccessorImpl.invoke(NativeMethodAccessorImpl.java:62)
	at java.base/jdk.internal.reflect.DelegatingMethodAccessorImpl.invoke(DelegatingMethodAccessorImpl.java:43)
	at java.base/java.lang.reflect.Method.invoke(Method.java:564)
	at org.junit.runners.model.FrameworkMethod$1.runReflectiveCall(FrameworkMethod.java:50)
	at org.junit.internal.runners.model.ReflectiveCallable.run(ReflectiveCallable.java:12)
	at org.junit.runners.model.FrameworkMethod.invokeExplosively(FrameworkMethod.java:47)
	at org.junit.internal.runners.statements.InvokeMethod.evaluate(InvokeMethod.java:17)
	at org.junit.runners.ParentRunner.runLeaf(ParentRunner.java:325)
	at org.junit.runners.BlockJUnit4ClassRunner.runChild(BlockJUnit4ClassRunner.java:78)
	at org.junit.runners.BlockJUnit4ClassRunner.runChild(BlockJUnit4ClassRunner.java:57)
	at org.junit.runners.ParentRunner$3.run(ParentRunner.java:290)
	at org.junit.runners.ParentRunner$1.schedule(ParentRunner.java:71)
	at org.junit.runners.ParentRunner.runChildren(ParentRunner.java:288)
	at org.junit.runners.ParentRunner.access$000(ParentRunner.java:58)
	at org.junit.runners.ParentRunner$2.evaluate(ParentRunner.java:268)
	at org.junit.runners.ParentRunner.run(ParentRunner.java:363)
	at org.gradle.api.internal.tasks.testing.junit.JUnitTestClassExecutor.runTestClass(JUnitTestClassExecutor.java:110)
	at org.gradle.api.internal.tasks.testing.junit.JUnitTestClassExecutor.execute(JUnitTestClassExecutor.java:58)
	at org.gradle.api.internal.tasks.testing.junit.JUnitTestClassExecutor.execute(JUnitTestClassExecutor.java:38)
	at org.gradle.api.internal.tasks.testing.junit.AbstractJUnitTestClassProcessor.processTestClass(AbstractJUnitTestClassProcessor.java:62)
	at org.gradle.api.internal.tasks.testing.SuiteTestClassProcessor.processTestClass(SuiteTestClassProcessor.java:51)
	at java.base/jdk.internal.reflect.NativeMethodAccessorImpl.invoke0(Native Method)
	at java.base/jdk.internal.reflect.NativeMethodAccessorImpl.invoke(NativeMethodAccessorImpl.java:62)
	at java.base/jdk.internal.reflect.DelegatingMethodAccessorImpl.invoke(DelegatingMethodAccessorImpl.java:43)
	at java.base/java.lang.reflect.Method.invoke(Method.java:564)
	at org.gradle.internal.dispatch.ReflectionDispatch.dispatch(ReflectionDispatch.java:36)
	at org.gradle.internal.dispatch.ReflectionDispatch.dispatch(ReflectionDispatch.java:24)
	at org.gradle.internal.dispatch.ContextClassLoaderDispatch.dispatch(ContextClassLoaderDispatch.java:33)
	at org.gradle.internal.dispatch.ProxyDispatchAdapter$DispatchingInvocationHandler.invoke(ProxyDispatchAdapter.java:94)
	at com.sun.proxy.$Proxy2.processTestClass(Unknown Source)
	at org.gradle.api.internal.tasks.testing.worker.TestWorker.processTestClass(TestWorker.java:118)
	at java.base/jdk.internal.reflect.NativeMethodAccessorImpl.invoke0(Native Method)
	at java.base/jdk.internal.reflect.NativeMethodAccessorImpl.invoke(NativeMethodAccessorImpl.java:62)
	at java.base/jdk.internal.reflect.DelegatingMethodAccessorImpl.invoke(DelegatingMethodAccessorImpl.java:43)
	at java.base/java.lang.reflect.Method.invoke(Method.java:564)
	at org.gradle.internal.dispatch.ReflectionDispatch.dispatch(ReflectionDispatch.java:36)
	at org.gradle.internal.dispatch.ReflectionDispatch.dispatch(ReflectionDispatch.java:24)
	at org.gradle.internal.remote.internal.hub.MessageHubBackedObjectConnection$DispatchWrapper.dispatch(MessageHubBackedObjectConnection.java:182)
	at org.gradle.internal.remote.internal.hub.MessageHubBackedObjectConnection$DispatchWrapper.dispatch(MessageHubBackedObjectConnection.java:164)
	at org.gradle.internal.remote.internal.hub.MessageHub$Handler.run(MessageHub.java:413)
	at org.gradle.internal.concurrent.ExecutorPolicy$CatchAndRecordFailures.onExecute(ExecutorPolicy.java:64)
	at org.gradle.internal.concurrent.ManagedExecutorImpl$1.run(ManagedExecutorImpl.java:48)
	at java.base/java.util.concurrent.ThreadPoolExecutor.runWorker(ThreadPoolExecutor.java:1130)
	at java.base/java.util.concurrent.ThreadPoolExecutor$Worker.run(ThreadPoolExecutor.java:630)
	at org.gradle.internal.concurrent.ThreadFactoryImpl$ManagedThreadRunnable.run(ThreadFactoryImpl.java:56)
	at java.base/java.lang.Thread.run(Thread.java:832)
</failure>
  </testcase>
  <system-out><![CDATA[frontend.config.ChartConfig@48094faf
]]></system-out>
  <system-err><![CDATA[Jun 04, 2020 8:38:14 PM frontend.config.ChartConfigReader retrieveAndSetValue
WARNING: Chart configuration file missing fields. Missed field: chartBoxLineThicknessInPix
Jun 04, 2020 8:38:14 PM frontend.config.ChartConfigReader retrieveAndSetValue
WARNING: Chart configuration file missing fields. Missed field: chartBoxLeftBottomCornerY
Jun 04, 2020 8:38:14 PM frontend.config.ChartConfigReader retrieveAndSetValue
WARNING: Chart configuration file missing fields. Missed field: chartBoxLeftBottomCornerX
Jun 04, 2020 8:38:14 PM frontend.config.ChartConfigReader retrieveAndSetValue
WARNING: Chart configuration file missing fields. Missed field: textElementHeight
Jun 04, 2020 8:38:14 PM frontend.config.ChartConfigReader retrieveAndSetValue
WARNING: Chart configuration file missing fields. Missed field: descriptionFontSize
Jun 04, 2020 8:38:14 PM frontend.config.ChartConfigReader retrieveAndSetValue
WARNING: Chart configuration file missing fields. Missed field: chartBoxHeight
Jun 04, 2020 8:38:14 PM frontend.config.ChartConfigReader retrieveAndSetValue
WARNING: Chart configuration file missing fields. Missed field: gridThicknessInPix
Jun 04, 2020 8:38:14 PM frontend.config.ChartConfigReader retrieveAndSetValue
WARNING: Chart configuration file missing fields. Missed field: lineThicknessInPix
Jun 04, 2020 8:38:14 PM frontend.config.ChartConfigReader retrieveAndSetValue
WARNING: Chart configuration file missing fields. Missed field: chartHeight
Jun 04, 2020 8:38:14 PM frontend.config.ChartConfigReader retrieveAndSetValue
WARNING: Chart configuration file missing fields. Missed field: chartBoxWidth
Jun 04, 2020 8:38:14 PM frontend.config.ChartConfigReader retrieveAndSetValue
WARNING: Chart configuration file missing fields. Missed field: textColorRGB
Jun 04, 2020 8:38:14 PM frontend.config.ChartConfigReader retrieveAndSetValue
WARNING: Chart configuration file missing fields. Missed field: chartWidth
Jun 04, 2020 8:38:14 PM frontend.config.ChartConfigReader retrieveAndSetValue
WARNING: Chart configuration file missing fields. Missed field: lineColorRGB
Jun 04, 2020 8:38:14 PM frontend.config.ChartConfigReader retrieveAndSetValue
WARNING: Chart configuration file missing fields. Missed field: backGroundColor
Jun 04, 2020 8:38:14 PM frontend.config.ChartConfigReader retrieveAndSetValue
WARNING: Chart configuration file missing fields. Missed field: lineChartBoxHeightRangeInPercentage
Jun 04, 2020 8:38:14 PM frontend.config.ChartConfigReader retrieveAndSetValue
WARNING: Chart configuration file missing fields. Missed field: gridColorRGB
Jun 04, 2020 8:38:14 PM frontend.config.ChartConfigReader retrieveAndSetValue
WARNING: Chart configuration file missing fields. Missed field: chartBoxLineColorRGB
Jun 04, 2020 8:38:14 PM frontend.config.ChartConfigReader retrieveAndSetValue
WARNING: Chart configuration file missing fields. Missed field: chartBoxBackGroundColor
Jun 04, 2020 8:38:14 PM frontend.config.ChartConfigReader retrieveAndSetValue
WARNING: Chart configuration file missing fields. Missed field: textElementWidth
]]></system-err>
</testsuite>
