<?xml version="1.0" encoding="UTF-8"?>
<testsuite name="frontend.chartDrawer.chartGenerator.chartGeneratorUtilities.ChartLineDtoGeneratorTest" tests="1" skipped="0" failures="0" errors="0" timestamp="2020-06-20T11:45:52" hostname="DESKTOP-JP0A0PE" time="0.0">
  <properties/>
  <testcase name="minMaxScallingTest" classname="frontend.chartDrawer.chartGenerator.chartGeneratorUtilities.ChartLineDtoGeneratorTest" time="0.0"/>
  <system-out><![CDATA[]]></system-out>
  <system-err><![CDATA[]]></system-err>
</testsuite>
