<?xml version="1.0" encoding="UTF-8"?>
<testsuite name="frontend.config.ChartConfigReaderTest" tests="2" skipped="0" failures="0" errors="0" timestamp="2020-04-04T18:09:25" hostname="luke-desktop" time="0.012">
  <properties/>
  <testcase name="readConfigFileTest" classname="frontend.config.ChartConfigReaderTest" time="0.009"/>
  <testcase name="readConfigFileTestWithoutSomeValues" classname="frontend.config.ChartConfigReaderTest" time="0.003"/>
  <system-out><![CDATA[frontend.config.ChartConfig@30828a93
frontend.config.ChartConfig@10d9b0f3
]]></system-out>
  <system-err><![CDATA[kwi 04, 2020 8:09:25 PM frontend.config.ChartConfigReader retrieveAndSetValue
WARNING: Chart configuration file missing fields. Missed field: chartHeight
kwi 04, 2020 8:09:25 PM frontend.config.ChartConfigReader retrieveAndSetValue
WARNING: Chart configuration file missing fields. Missed field: chartWidth
kwi 04, 2020 8:09:25 PM frontend.config.ChartConfigReader retrieveAndSetValue
WARNING: Chart configuration file missing fields. Missed field: chartBoxLeftBottomCornerY
kwi 04, 2020 8:09:25 PM frontend.config.ChartConfigReader retrieveAndSetValue
WARNING: Chart configuration file missing fields. Missed field: descriptionFontSize
kwi 04, 2020 8:09:25 PM frontend.config.ChartConfigReader retrieveAndSetValue
WARNING: Chart configuration file missing fields. Missed field: chartHeight
kwi 04, 2020 8:09:25 PM frontend.config.ChartConfigReader retrieveAndSetValue
WARNING: Chart configuration file missing fields. Missed field: textColorRGB
kwi 04, 2020 8:09:25 PM frontend.config.ChartConfigReader retrieveAndSetValue
WARNING: Chart configuration file missing fields. Missed field: chartWidth
]]></system-err>
</testsuite>
