<?xml version="1.0" encoding="UTF-8"?>
<testsuite name="frontend.chartDrawer.chartGenerator.chartGeneratorUtilities.chartGridAndDescriptionGenerator.utilities.timeStampDescriptionGeneratorUtilities.TimeStampDescriptionPositionerTest" tests="1" skipped="0" failures="0" errors="0" timestamp="2020-06-20T11:45:52" hostname="DESKTOP-JP0A0PE" time="0.001">
  <properties/>
  <testcase name="testPositioning" classname="frontend.chartDrawer.chartGenerator.chartGeneratorUtilities.chartGridAndDescriptionGenerator.utilities.timeStampDescriptionGeneratorUtilities.TimeStampDescriptionPositionerTest" time="0.001"/>
  <system-out><![CDATA[]]></system-out>
  <system-err><![CDATA[]]></system-err>
</testsuite>
