<?xml version="1.0" encoding="UTF-8"?>
<testsuite name="frontend.config.ChartConfigReaderTest" tests="2" skipped="2" failures="0" errors="0" timestamp="2020-06-22T09:30:35" hostname="DESKTOP-JP0A0PE" time="0.0">
  <properties/>
  <testcase name="readConfigFileTest" classname="frontend.config.ChartConfigReaderTest" time="0.0">
    <skipped/>
  </testcase>
  <testcase name="readConfigFileTestWithoutSomeValues" classname="frontend.config.ChartConfigReaderTest" time="0.0">
    <skipped/>
  </testcase>
  <system-out><![CDATA[]]></system-out>
  <system-err><![CDATA[]]></system-err>
</testsuite>
