<?xml version="1.0" encoding="UTF-8"?>
<testsuite name="frontend.chartDrawer.chartGenerator.ChartGeneratorTest" tests="1" skipped="0" failures="0" errors="0" timestamp="2020-04-03T15:47:54" hostname="luke-desktop" time="0.908">
  <properties/>
  <testcase name="generateChart" classname="frontend.chartDrawer.chartGenerator.ChartGeneratorTest" time="0.908"/>
  <system-out><![CDATA[]]></system-out>
  <system-err><![CDATA[]]></system-err>
</testsuite>
