<?xml version="1.0" encoding="UTF-8"?>
<testsuite name="frontend.chartDrawer.chartGenerator.chartGeneratorUtilities.chartGridAndDescriptionGenerator.utilities.timeStampDescriptionGeneratorUtilities.TimeStampTextFieldEditorEngineTest" tests="4" skipped="0" failures="0" errors="0" timestamp="2020-04-07T16:23:24" hostname="luke-desktop" time="0.027">
  <properties/>
  <testcase name="testMAX" classname="frontend.chartDrawer.chartGenerator.chartGeneratorUtilities.chartGridAndDescriptionGenerator.utilities.timeStampDescriptionGeneratorUtilities.TimeStampTextFieldEditorEngineTest" time="0.01"/>
  <testcase name="testD1" classname="frontend.chartDrawer.chartGenerator.chartGeneratorUtilities.chartGridAndDescriptionGenerator.utilities.timeStampDescriptionGeneratorUtilities.TimeStampTextFieldEditorEngineTest" time="0.0"/>
  <testcase name="testM1" classname="frontend.chartDrawer.chartGenerator.chartGeneratorUtilities.chartGridAndDescriptionGenerator.utilities.timeStampDescriptionGeneratorUtilities.TimeStampTextFieldEditorEngineTest" time="0.015"/>
  <testcase name="testW1" classname="frontend.chartDrawer.chartGenerator.chartGeneratorUtilities.chartGridAndDescriptionGenerator.utilities.timeStampDescriptionGeneratorUtilities.TimeStampTextFieldEditorEngineTest" time="0.001"/>
  <system-out><![CDATA[]]></system-out>
  <system-err><![CDATA[]]></system-err>
</testsuite>
