<?xml version="1.0" encoding="UTF-8"?>
<testsuite name="frontend.chartDrawer.chartGenerator.chartGeneratorUtilities.chartGridAndDescriptionGenerator.utilities.visibleValueFilterUtilities.RangeAnalyzerTest" tests="3" skipped="0" failures="0" errors="0" timestamp="2020-04-11T15:06:45" hostname="luke-desktop" time="0.346">
  <properties/>
  <testcase name="testComputingRangeCase1" classname="frontend.chartDrawer.chartGenerator.chartGeneratorUtilities.chartGridAndDescriptionGenerator.utilities.visibleValueFilterUtilities.RangeAnalyzerTest" time="0.33"/>
  <testcase name="testComputingRangeCase2" classname="frontend.chartDrawer.chartGenerator.chartGeneratorUtilities.chartGridAndDescriptionGenerator.utilities.visibleValueFilterUtilities.RangeAnalyzerTest" time="0.001"/>
  <testcase name="testComputingRangeCase3" classname="frontend.chartDrawer.chartGenerator.chartGeneratorUtilities.chartGridAndDescriptionGenerator.utilities.visibleValueFilterUtilities.RangeAnalyzerTest" time="0.015"/>
  <system-out><![CDATA[15
40
0
]]></system-out>
  <system-err><![CDATA[]]></system-err>
</testsuite>
