<?xml version="1.0" encoding="UTF-8"?>
<testsuite name="frontend.chartDrawer.chartGenerator.chartGeneratorUtilities.chartGridAndDescriptionGenerator.utilities.VerticalLinesGeneratorTest" tests="1" skipped="0" failures="0" errors="0" timestamp="2020-06-22T09:30:35" hostname="DESKTOP-JP0A0PE" time="0.002">
  <properties/>
  <testcase name="generateLinesTest" classname="frontend.chartDrawer.chartGenerator.chartGeneratorUtilities.chartGridAndDescriptionGenerator.utilities.VerticalLinesGeneratorTest" time="0.002"/>
  <system-out><![CDATA[]]></system-out>
  <system-err><![CDATA[]]></system-err>
</testsuite>
