<?xml version="1.0" encoding="UTF-8"?>
<testsuite name="frontend.chartDrawer.chartGenerator.chartGeneratorUtilities.chartGridAndDescriptionGenerator.utilities.VisibleTimeStampsFilterTest" tests="1" skipped="0" failures="0" errors="0" timestamp="2020-04-04T18:09:24" hostname="luke-desktop" time="0.0">
  <properties/>
  <testcase name="process" classname="frontend.chartDrawer.chartGenerator.chartGeneratorUtilities.chartGridAndDescriptionGenerator.utilities.VisibleTimeStampsFilterTest" time="0.0"/>
  <system-out><![CDATA[]]></system-out>
  <system-err><![CDATA[]]></system-err>
</testsuite>
