<?xml version="1.0" encoding="UTF-8"?>
<testsuite name="frontend.chartDrawer.chartGenerator.ChartGeneratorTest" tests="3" skipped="0" failures="0" errors="0" timestamp="2020-06-22T09:30:34" hostname="DESKTOP-JP0A0PE" time="0.483">
  <properties/>
  <testcase name="generateChartPartiallyNull" classname="frontend.chartDrawer.chartGenerator.ChartGeneratorTest" time="0.027"/>
  <testcase name="generateChart" classname="frontend.chartDrawer.chartGenerator.ChartGeneratorTest" time="0.378"/>
  <testcase name="testWhenChartDataDtoNull" classname="frontend.chartDrawer.chartGenerator.ChartGeneratorTest" time="0.078"/>
  <system-out><![CDATA[]]></system-out>
  <system-err><![CDATA[Jun 22, 2020 11:30:34 AM frontend.chartDrawer.chartGenerator.ChartGenerator visualizeChart
WARNING: Objects are not properly initialized.
Jun 22, 2020 11:30:34 AM frontend.chartDrawer.chartGenerator.ChartGenerator generateChart
WARNING: Objects are not properly initialized.
]]></system-err>
</testsuite>
