<?xml version="1.0" encoding="UTF-8"?>
<testsuite name="frontend.chartDrawer.chartGenerator.chartGeneratorUtilities.ChartLineGeneratorTest" tests="1" skipped="0" failures="0" errors="0" timestamp="2020-04-09T12:46:26" hostname="luke-desktop" time="0.305">
  <properties/>
  <testcase name="minMaxScallingTest" classname="frontend.chartDrawer.chartGenerator.chartGeneratorUtilities.ChartLineGeneratorTest" time="0.305"/>
  <system-out><![CDATA[]]></system-out>
  <system-err><![CDATA[]]></system-err>
</testsuite>
