<?xml version="1.0" encoding="UTF-8"?>
<testsuite name="frontend.chartDrawer.chartGenerator.chartGeneratorUtilities.chartGridAndDescriptionGenerator.utilities.ValueDescriptionGeneratorTest" tests="1" skipped="0" failures="0" errors="0" timestamp="2020-04-13T15:26:17" hostname="luke-desktop" time="0.331">
  <properties/>
  <testcase name="testDescriptionGenerating" classname="frontend.chartDrawer.chartGenerator.chartGeneratorUtilities.chartGridAndDescriptionGenerator.utilities.ValueDescriptionGeneratorTest" time="0.331"/>
  <system-out><![CDATA[]]></system-out>
  <system-err><![CDATA[]]></system-err>
</testsuite>
