<?xml version="1.0" encoding="UTF-8"?>
<testsuite name="frontend.config.ChartConfigWithConfigurationReaderTest" tests="1" skipped="0" failures="0" errors="0" timestamp="2020-04-04T18:09:25" hostname="luke-desktop" time="0.002">
  <properties/>
  <testcase name="readConfigFile" classname="frontend.config.ChartConfigWithConfigurationReaderTest" time="0.002"/>
  <system-out><![CDATA[frontend.config.ChartConfig@41abdb50
]]></system-out>
  <system-err><![CDATA[kwi 04, 2020 8:09:25 PM frontend.config.ChartConfigReader retrieveAndSetValue
WARNING: Chart configuration file missing fields. Missed field: chartHeight
kwi 04, 2020 8:09:25 PM frontend.config.ChartConfigReader retrieveAndSetValue
WARNING: Chart configuration file missing fields. Missed field: chartWidth
]]></system-err>
</testsuite>
