<?xml version="1.0" encoding="UTF-8"?>
<testsuite name="frontend.config.ChartConfigWithConfigurationReaderTest" tests="1" skipped="0" failures="0" errors="0" timestamp="2020-06-22T09:30:35" hostname="DESKTOP-JP0A0PE" time="0.006">
  <properties/>
  <testcase name="readConfigFile" classname="frontend.config.ChartConfigWithConfigurationReaderTest" time="0.006"/>
  <system-out><![CDATA[]]></system-out>
  <system-err><![CDATA[]]></system-err>
</testsuite>
