<?xml version="1.0" encoding="UTF-8"?>
<testsuite name="frontend.config.ChartConfigTest" tests="1" skipped="0" failures="0" errors="0" timestamp="2020-03-05T15:49:57" hostname="luke-desktop" time="0.167">
  <properties/>
  <testcase name="getFrameColorRGB" classname="frontend.config.ChartConfigTest" time="0.167"/>
  <system-out><![CDATA[16:49:55.100 [Test worker] DEBUG org.springframework.test.context.junit4.SpringJUnit4ClassRunner - SpringJUnit4ClassRunner constructor called with [class frontend.config.ChartConfigTest]
16:49:55.106 [Test worker] DEBUG org.springframework.test.context.BootstrapUtils - Instantiating CacheAwareContextLoaderDelegate from class [org.springframework.test.context.cache.DefaultCacheAwareContextLoaderDelegate]
16:49:55.112 [Test worker] DEBUG org.springframework.test.context.BootstrapUtils - Instantiating BootstrapContext using constructor [public org.springframework.test.context.support.DefaultBootstrapContext(java.lang.Class,org.springframework.test.context.CacheAwareContextLoaderDelegate)]
16:49:55.146 [Test worker] DEBUG org.springframework.test.context.BootstrapUtils - Instantiating TestContextBootstrapper for test class [frontend.config.ChartConfigTest] from class [org.springframework.boot.test.context.SpringBootTestContextBootstrapper]
16:49:55.155 [Test worker] INFO org.springframework.boot.test.context.SpringBootTestContextBootstrapper - Neither @ContextConfiguration nor @ContextHierarchy found for test class [frontend.config.ChartConfigTest], using SpringBootContextLoader
16:49:55.157 [Test worker] DEBUG org.springframework.test.context.support.AbstractContextLoader - Did not detect default resource location for test class [frontend.config.ChartConfigTest]: class path resource [frontend/config/ChartConfigTest-context.xml] does not exist
16:49:55.158 [Test worker] DEBUG org.springframework.test.context.support.AbstractContextLoader - Did not detect default resource location for test class [frontend.config.ChartConfigTest]: class path resource [frontend/config/ChartConfigTestContext.groovy] does not exist
16:49:55.158 [Test worker] INFO org.springframework.test.context.support.AbstractContextLoader - Could not detect default resource locations for test class [frontend.config.ChartConfigTest]: no resource found for suffixes {-context.xml, Context.groovy}.
16:49:55.159 [Test worker] INFO org.springframework.test.context.support.AnnotationConfigContextLoaderUtils - Could not detect default configuration classes for test class [frontend.config.ChartConfigTest]: ChartConfigTest does not declare any static, non-private, non-final, nested classes annotated with @Configuration.
16:49:55.189 [Test worker] DEBUG org.springframework.test.context.support.ActiveProfilesUtils - Could not find an 'annotation declaring class' for annotation type [org.springframework.test.context.ActiveProfiles] and class [frontend.config.ChartConfigTest]
16:49:55.242 [Test worker] DEBUG org.springframework.context.annotation.ClassPathScanningCandidateComponentProvider - Identified candidate component class: file [/home/luke/test_vaadin_project/vaadin_experimenting/build/classes/java/main/frontend/VaadinApplication.class]
16:49:55.250 [Test worker] INFO org.springframework.boot.test.context.SpringBootTestContextBootstrapper - Found @SpringBootConfiguration frontend.VaadinApplication for test class frontend.config.ChartConfigTest
16:49:55.315 [Test worker] DEBUG org.springframework.boot.test.context.SpringBootTestContextBootstrapper - @TestExecutionListeners is not present for class [frontend.config.ChartConfigTest]: using defaults.
16:49:55.316 [Test worker] INFO org.springframework.boot.test.context.SpringBootTestContextBootstrapper - Loaded default TestExecutionListener class names from location [META-INF/spring.factories]: [org.springframework.boot.test.autoconfigure.restdocs.RestDocsTestExecutionListener, org.springframework.boot.test.autoconfigure.web.client.MockRestServiceServerResetTestExecutionListener, org.springframework.boot.test.autoconfigure.web.servlet.MockMvcPrintOnlyOnFailureTestExecutionListener, org.springframework.boot.test.autoconfigure.web.servlet.WebDriverTestExecutionListener, org.springframework.boot.test.mock.mockito.MockitoTestExecutionListener, org.springframework.boot.test.mock.mockito.ResetMocksTestExecutionListener, org.springframework.test.context.web.ServletTestExecutionListener, org.springframework.test.context.support.DirtiesContextBeforeModesTestExecutionListener, org.springframework.test.context.support.DependencyInjectionTestExecutionListener, org.springframework.test.context.support.DirtiesContextTestExecutionListener, org.springframework.test.context.transaction.TransactionalTestExecutionListener, org.springframework.test.context.jdbc.SqlScriptsTestExecutionListener]
16:49:55.323 [Test worker] DEBUG org.springframework.boot.test.context.SpringBootTestContextBootstrapper - Skipping candidate TestExecutionListener [org.springframework.test.context.transaction.TransactionalTestExecutionListener] due to a missing dependency. Specify custom listener classes or make the default listener classes and their required dependencies available. Offending class: [org/springframework/transaction/TransactionDefinition]
16:49:55.324 [Test worker] DEBUG org.springframework.boot.test.context.SpringBootTestContextBootstrapper - Skipping candidate TestExecutionListener [org.springframework.test.context.jdbc.SqlScriptsTestExecutionListener] due to a missing dependency. Specify custom listener classes or make the default listener classes and their required dependencies available. Offending class: [org/springframework/transaction/interceptor/TransactionAttribute]
16:49:55.324 [Test worker] INFO org.springframework.boot.test.context.SpringBootTestContextBootstrapper - Using TestExecutionListeners: [org.springframework.test.context.web.ServletTestExecutionListener@2a0ad2ba, org.springframework.test.context.support.DirtiesContextBeforeModesTestExecutionListener@2da5ad54, org.springframework.boot.test.mock.mockito.MockitoTestExecutionListener@97c99e8, org.springframework.boot.test.autoconfigure.SpringBootDependencyInjectionTestExecutionListener@7df31697, org.springframework.test.context.support.DirtiesContextTestExecutionListener@1108491, org.springframework.boot.test.autoconfigure.restdocs.RestDocsTestExecutionListener@1df46ea, org.springframework.boot.test.autoconfigure.web.client.MockRestServiceServerResetTestExecutionListener@6c812ce0, org.springframework.boot.test.autoconfigure.web.servlet.MockMvcPrintOnlyOnFailureTestExecutionListener@923d849, org.springframework.boot.test.autoconfigure.web.servlet.WebDriverTestExecutionListener@c92e1f0, org.springframework.boot.test.mock.mockito.ResetMocksTestExecutionListener@77810e9e]
16:49:55.326 [Test worker] DEBUG org.springframework.test.annotation.ProfileValueUtils - Retrieved @ProfileValueSourceConfiguration [null] for test class [frontend.config.ChartConfigTest]
16:49:55.327 [Test worker] DEBUG org.springframework.test.annotation.ProfileValueUtils - Retrieved ProfileValueSource type [class org.springframework.test.annotation.SystemProfileValueSource] for class [frontend.config.ChartConfigTest]
16:49:55.331 [Test worker] DEBUG org.springframework.test.annotation.ProfileValueUtils - Retrieved @ProfileValueSourceConfiguration [null] for test class [frontend.config.ChartConfigTest]
16:49:55.331 [Test worker] DEBUG org.springframework.test.annotation.ProfileValueUtils - Retrieved ProfileValueSource type [class org.springframework.test.annotation.SystemProfileValueSource] for class [frontend.config.ChartConfigTest]
16:49:55.332 [Test worker] DEBUG org.springframework.test.annotation.ProfileValueUtils - Retrieved @ProfileValueSourceConfiguration [null] for test class [frontend.config.ChartConfigTest]
16:49:55.332 [Test worker] DEBUG org.springframework.test.annotation.ProfileValueUtils - Retrieved ProfileValueSource type [class org.springframework.test.annotation.SystemProfileValueSource] for class [frontend.config.ChartConfigTest]
16:49:55.334 [Test worker] DEBUG org.springframework.test.context.support.AbstractDirtiesContextTestExecutionListener - Before test class: context [DefaultTestContext@74285238 testClass = ChartConfigTest, testInstance = [null], testMethod = [null], testException = [null], mergedContextConfiguration = [WebMergedContextConfiguration@5cf8b397 testClass = ChartConfigTest, locations = '{}', classes = '{class frontend.VaadinApplication}', contextInitializerClasses = '[]', activeProfiles = '{}', propertySourceLocations = '{}', propertySourceProperties = '{org.springframework.boot.test.context.SpringBootTestContextBootstrapper=true}', contextCustomizers = set[org.springframework.boot.test.autoconfigure.properties.PropertyMappingContextCustomizer@0, org.springframework.boot.test.autoconfigure.web.servlet.WebDriverContextCustomizerFactory$Customizer@58f51dae, org.springframework.boot.test.context.filter.ExcludeFilterContextCustomizer@2c5d4c05, org.springframework.boot.test.json.DuplicateJsonObjectContextCustomizerFactory$DuplicateJsonObjectContextCustomizer@7883d91d, org.springframework.boot.test.mock.mockito.MockitoContextCustomizer@0, org.springframework.boot.test.web.client.TestRestTemplateContextCustomizer@49742b61], resourceBasePath = 'src/main/webapp', contextLoader = 'org.springframework.boot.test.context.SpringBootContextLoader', parent = [null]], attributes = map['org.springframework.test.context.web.ServletTestExecutionListener.activateListener' -> true]], class annotated with @DirtiesContext [false] with mode [null].
16:49:55.335 [Test worker] DEBUG org.springframework.test.annotation.ProfileValueUtils - Retrieved @ProfileValueSourceConfiguration [null] for test class [frontend.config.ChartConfigTest]
16:49:55.335 [Test worker] DEBUG org.springframework.test.annotation.ProfileValueUtils - Retrieved ProfileValueSource type [class org.springframework.test.annotation.SystemProfileValueSource] for class [frontend.config.ChartConfigTest]
16:49:55.349 [Test worker] DEBUG org.springframework.test.context.support.TestPropertySourceUtils - Adding inlined properties to environment: {spring.jmx.enabled=false, org.springframework.boot.test.context.SpringBootTestContextBootstrapper=true, server.port=-1}

  .   ____          _            __ _ _
 /\\ / ___'_ __ _ _(_)_ __  __ _ \ \ \ \
( ( )\___ | '_ | '_| | '_ \/ _` | \ \ \ \
 \\/  ___)| |_)| | | | | || (_| |  ) ) ) )
  '  |____| .__|_| |_|_| |_\__, | / / / /
 =========|_|==============|___/=/_/_/_/
 :: Spring Boot ::        (v2.1.7.RELEASE)

2020-03-05 16:49:55.593  INFO 7869 --- [    Test worker] frontend.config.ChartConfigTest          : Starting ChartConfigTest on luke-desktop with PID 7869 (started by luke in /home/luke/test_vaadin_project/vaadin_experimenting)
2020-03-05 16:49:55.595  INFO 7869 --- [    Test worker] frontend.config.ChartConfigTest          : No active profile set, falling back to default profiles: default
2020-03-05 16:49:56.794  INFO 7869 --- [    Test worker] o.s.s.concurrent.ThreadPoolTaskExecutor  : Initializing ExecutorService 'applicationTaskExecutor'
2020-03-05 16:49:57.018  INFO 7869 --- [    Test worker] frontend.config.ChartConfigTest          : Started ChartConfigTest in 1.664 seconds (JVM running for 2.426)
]]></system-out>
  <system-err><![CDATA[]]></system-err>
</testsuite>
