<?xml version="1.0" encoding="UTF-8"?>
<testsuite name="frontend.chartDrawer.chartGenerator.chartGeneratorUtilities.IncomingObjectTesterTest" tests="8" skipped="0" failures="0" errors="0" timestamp="2020-04-06T12:52:18" hostname="luke-desktop" time="0.017">
  <properties/>
  <testcase name="testCurrencyOverviewIsNotNullViewTimeFrameIsNull" classname="frontend.chartDrawer.chartGenerator.chartGeneratorUtilities.IncomingObjectTesterTest" time="0.001"/>
  <testcase name="testCurrencyOverviewMissingThirdField" classname="frontend.chartDrawer.chartGenerator.chartGeneratorUtilities.IncomingObjectTesterTest" time="0.0"/>
  <testcase name="testCurrencyOverviewMissingFirstField" classname="frontend.chartDrawer.chartGenerator.chartGeneratorUtilities.IncomingObjectTesterTest" time="0.0"/>
  <testcase name="testCurrencyOverviewMissingValueInDataPointDto" classname="frontend.chartDrawer.chartGenerator.chartGeneratorUtilities.IncomingObjectTesterTest" time="0.0"/>
  <testcase name="testCompleteObjects" classname="frontend.chartDrawer.chartGenerator.chartGeneratorUtilities.IncomingObjectTesterTest" time="0.0"/>
  <testcase name="testCurrencyOverviewMissingSecondField" classname="frontend.chartDrawer.chartGenerator.chartGeneratorUtilities.IncomingObjectTesterTest" time="0.0"/>
  <testcase name="testOnlyChartConfigIsNull" classname="frontend.chartDrawer.chartGenerator.chartGeneratorUtilities.IncomingObjectTesterTest" time="0.0"/>
  <testcase name="testCurrencyOverviewIsNullViewTimeFrameIsNotNull" classname="frontend.chartDrawer.chartGenerator.chartGeneratorUtilities.IncomingObjectTesterTest" time="0.0"/>
  <system-out><![CDATA[]]></system-out>
  <system-err><![CDATA[]]></system-err>
</testsuite>
