<?xml version="1.0" encoding="UTF-8"?>
<testsuite name="frontend.chartDrawer.chartGenerator.ChartGeneratorTest" tests="1" skipped="0" failures="0" errors="0" timestamp="2020-04-14T15:32:03" hostname="luke-desktop" time="0.195">
  <properties/>
  <testcase name="generateChart" classname="frontend.chartDrawer.chartGenerator.ChartGeneratorTest" time="0.195"/>
  <system-out><![CDATA[frontend.config.ChartConfig@10df76e8
Step size 440.0, 3
Iteration0, x1 :0, x2 : 440
Iteration1, x1 :440, x2 : 880
]]></system-out>
  <system-err><![CDATA[]]></system-err>
</testsuite>
