<?xml version="1.0" encoding="UTF-8"?>
<testsuite name="frontend.chartDrawer.chartGenerator.chartGeneratorUtilities.chartGridAndDescriptionGenerator.utilities.timeStampDescriptionGeneratorUtilities.TimeStampDescriptionPositionerTest" tests="1" skipped="0" failures="0" errors="0" timestamp="2020-04-07T12:10:19" hostname="luke-desktop" time="0.447">
  <properties/>
  <testcase name="testPositioning" classname="frontend.chartDrawer.chartGenerator.chartGeneratorUtilities.chartGridAndDescriptionGenerator.utilities.timeStampDescriptionGeneratorUtilities.TimeStampDescriptionPositionerTest" time="0.447"/>
  <system-out><![CDATA[]]></system-out>
  <system-err><![CDATA[]]></system-err>
</testsuite>
