<?xml version="1.0" encoding="UTF-8"?>
<testsuite name="frontend.chartDrawer.chartGenerator.chartGeneratorUtilities.IncomingObjectTesterTest" tests="7" skipped="0" failures="0" errors="0" timestamp="2020-03-28T15:06:52" hostname="luke-desktop" time="0.212">
  <properties/>
  <testcase name="testCurrencyOverviewIsNotNullViewTimeFrameIsNull" classname="frontend.chartDrawer.chartGenerator.chartGeneratorUtilities.IncomingObjectTesterTest" time="0.186"/>
  <testcase name="testCurrencyOverviewMissingThirdField" classname="frontend.chartDrawer.chartGenerator.chartGeneratorUtilities.IncomingObjectTesterTest" time="0.003"/>
  <testcase name="testCurrencyOverviewMissingFirstField" classname="frontend.chartDrawer.chartGenerator.chartGeneratorUtilities.IncomingObjectTesterTest" time="0.002"/>
  <testcase name="testCurrencyOverviewMissingValueInDataPointDto" classname="frontend.chartDrawer.chartGenerator.chartGeneratorUtilities.IncomingObjectTesterTest" time="0.004"/>
  <testcase name="testCompleteObjects" classname="frontend.chartDrawer.chartGenerator.chartGeneratorUtilities.IncomingObjectTesterTest" time="0.003"/>
  <testcase name="testCurrencyOverviewMissingSecondField" classname="frontend.chartDrawer.chartGenerator.chartGeneratorUtilities.IncomingObjectTesterTest" time="0.002"/>
  <testcase name="testCurrencyOverviewIsNullViewTimeFrameIsNotNull" classname="frontend.chartDrawer.chartGenerator.chartGeneratorUtilities.IncomingObjectTesterTest" time="0.002"/>
  <system-out><![CDATA[16:06:50.129 [Test worker] DEBUG org.springframework.test.context.junit4.SpringJUnit4ClassRunner - SpringJUnit4ClassRunner constructor called with [class frontend.chartDrawer.chartGenerator.chartGeneratorUtilities.IncomingObjectTesterTest]
16:06:50.135 [Test worker] DEBUG org.springframework.test.context.BootstrapUtils - Instantiating CacheAwareContextLoaderDelegate from class [org.springframework.test.context.cache.DefaultCacheAwareContextLoaderDelegate]
16:06:50.141 [Test worker] DEBUG org.springframework.test.context.BootstrapUtils - Instantiating BootstrapContext using constructor [public org.springframework.test.context.support.DefaultBootstrapContext(java.lang.Class,org.springframework.test.context.CacheAwareContextLoaderDelegate)]
16:06:50.155 [Test worker] DEBUG org.springframework.test.context.BootstrapUtils - Instantiating TestContextBootstrapper for test class [frontend.chartDrawer.chartGenerator.chartGeneratorUtilities.IncomingObjectTesterTest] from class [org.springframework.boot.test.context.SpringBootTestContextBootstrapper]
16:06:50.163 [Test worker] INFO org.springframework.boot.test.context.SpringBootTestContextBootstrapper - Neither @ContextConfiguration nor @ContextHierarchy found for test class [frontend.chartDrawer.chartGenerator.chartGeneratorUtilities.IncomingObjectTesterTest], using SpringBootContextLoader
16:06:50.165 [Test worker] DEBUG org.springframework.test.context.support.AbstractContextLoader - Did not detect default resource location for test class [frontend.chartDrawer.chartGenerator.chartGeneratorUtilities.IncomingObjectTesterTest]: class path resource [frontend/chartDrawer/chartGenerator/chartGeneratorUtilities/IncomingObjectTesterTest-context.xml] does not exist
16:06:50.165 [Test worker] DEBUG org.springframework.test.context.support.AbstractContextLoader - Did not detect default resource location for test class [frontend.chartDrawer.chartGenerator.chartGeneratorUtilities.IncomingObjectTesterTest]: class path resource [frontend/chartDrawer/chartGenerator/chartGeneratorUtilities/IncomingObjectTesterTestContext.groovy] does not exist
16:06:50.166 [Test worker] INFO org.springframework.test.context.support.AbstractContextLoader - Could not detect default resource locations for test class [frontend.chartDrawer.chartGenerator.chartGeneratorUtilities.IncomingObjectTesterTest]: no resource found for suffixes {-context.xml, Context.groovy}.
16:06:50.166 [Test worker] INFO org.springframework.test.context.support.AnnotationConfigContextLoaderUtils - Could not detect default configuration classes for test class [frontend.chartDrawer.chartGenerator.chartGeneratorUtilities.IncomingObjectTesterTest]: IncomingObjectTesterTest does not declare any static, non-private, non-final, nested classes annotated with @Configuration.
16:06:50.196 [Test worker] DEBUG org.springframework.test.context.support.ActiveProfilesUtils - Could not find an 'annotation declaring class' for annotation type [org.springframework.test.context.ActiveProfiles] and class [frontend.chartDrawer.chartGenerator.chartGeneratorUtilities.IncomingObjectTesterTest]
16:06:50.273 [Test worker] DEBUG org.springframework.context.annotation.ClassPathScanningCandidateComponentProvider - Identified candidate component class: file [/home/luke/test_vaadin_project/vaadin_experimenting/build/classes/java/main/frontend/VaadinApplication.class]
16:06:50.275 [Test worker] INFO org.springframework.boot.test.context.SpringBootTestContextBootstrapper - Found @SpringBootConfiguration frontend.VaadinApplication for test class frontend.chartDrawer.chartGenerator.chartGeneratorUtilities.IncomingObjectTesterTest
16:06:50.338 [Test worker] DEBUG org.springframework.boot.test.context.SpringBootTestContextBootstrapper - @TestExecutionListeners is not present for class [frontend.chartDrawer.chartGenerator.chartGeneratorUtilities.IncomingObjectTesterTest]: using defaults.
16:06:50.338 [Test worker] INFO org.springframework.boot.test.context.SpringBootTestContextBootstrapper - Loaded default TestExecutionListener class names from location [META-INF/spring.factories]: [org.springframework.boot.test.autoconfigure.restdocs.RestDocsTestExecutionListener, org.springframework.boot.test.autoconfigure.web.client.MockRestServiceServerResetTestExecutionListener, org.springframework.boot.test.autoconfigure.web.servlet.MockMvcPrintOnlyOnFailureTestExecutionListener, org.springframework.boot.test.autoconfigure.web.servlet.WebDriverTestExecutionListener, org.springframework.boot.test.mock.mockito.MockitoTestExecutionListener, org.springframework.boot.test.mock.mockito.ResetMocksTestExecutionListener, org.springframework.test.context.web.ServletTestExecutionListener, org.springframework.test.context.support.DirtiesContextBeforeModesTestExecutionListener, org.springframework.test.context.support.DependencyInjectionTestExecutionListener, org.springframework.test.context.support.DirtiesContextTestExecutionListener, org.springframework.test.context.transaction.TransactionalTestExecutionListener, org.springframework.test.context.jdbc.SqlScriptsTestExecutionListener]
16:06:50.346 [Test worker] DEBUG org.springframework.boot.test.context.SpringBootTestContextBootstrapper - Skipping candidate TestExecutionListener [org.springframework.test.context.transaction.TransactionalTestExecutionListener] due to a missing dependency. Specify custom listener classes or make the default listener classes and their required dependencies available. Offending class: [org/springframework/transaction/TransactionDefinition]
16:06:50.346 [Test worker] DEBUG org.springframework.boot.test.context.SpringBootTestContextBootstrapper - Skipping candidate TestExecutionListener [org.springframework.test.context.jdbc.SqlScriptsTestExecutionListener] due to a missing dependency. Specify custom listener classes or make the default listener classes and their required dependencies available. Offending class: [org/springframework/transaction/interceptor/TransactionAttribute]
16:06:50.347 [Test worker] INFO org.springframework.boot.test.context.SpringBootTestContextBootstrapper - Using TestExecutionListeners: [org.springframework.test.context.web.ServletTestExecutionListener@22ba7449, org.springframework.test.context.support.DirtiesContextBeforeModesTestExecutionListener@3355da9e, org.springframework.boot.test.mock.mockito.MockitoTestExecutionListener@582e2216, org.springframework.boot.test.autoconfigure.SpringBootDependencyInjectionTestExecutionListener@3c79e1, org.springframework.test.context.support.DirtiesContextTestExecutionListener@71555d93, org.springframework.boot.test.autoconfigure.restdocs.RestDocsTestExecutionListener@6c49f80d, org.springframework.boot.test.autoconfigure.web.client.MockRestServiceServerResetTestExecutionListener@455e4900, org.springframework.boot.test.autoconfigure.web.servlet.MockMvcPrintOnlyOnFailureTestExecutionListener@264ed33b, org.springframework.boot.test.autoconfigure.web.servlet.WebDriverTestExecutionListener@7d2caba4, org.springframework.boot.test.mock.mockito.ResetMocksTestExecutionListener@5e06ad9c]
16:06:50.349 [Test worker] DEBUG org.springframework.test.annotation.ProfileValueUtils - Retrieved @ProfileValueSourceConfiguration [null] for test class [frontend.chartDrawer.chartGenerator.chartGeneratorUtilities.IncomingObjectTesterTest]
16:06:50.350 [Test worker] DEBUG org.springframework.test.annotation.ProfileValueUtils - Retrieved ProfileValueSource type [class org.springframework.test.annotation.SystemProfileValueSource] for class [frontend.chartDrawer.chartGenerator.chartGeneratorUtilities.IncomingObjectTesterTest]
16:06:50.351 [Test worker] DEBUG org.springframework.test.annotation.ProfileValueUtils - Retrieved @ProfileValueSourceConfiguration [null] for test class [frontend.chartDrawer.chartGenerator.chartGeneratorUtilities.IncomingObjectTesterTest]
16:06:50.351 [Test worker] DEBUG org.springframework.test.annotation.ProfileValueUtils - Retrieved ProfileValueSource type [class org.springframework.test.annotation.SystemProfileValueSource] for class [frontend.chartDrawer.chartGenerator.chartGeneratorUtilities.IncomingObjectTesterTest]
16:06:50.352 [Test worker] DEBUG org.springframework.test.annotation.ProfileValueUtils - Retrieved @ProfileValueSourceConfiguration [null] for test class [frontend.chartDrawer.chartGenerator.chartGeneratorUtilities.IncomingObjectTesterTest]
16:06:50.352 [Test worker] DEBUG org.springframework.test.annotation.ProfileValueUtils - Retrieved ProfileValueSource type [class org.springframework.test.annotation.SystemProfileValueSource] for class [frontend.chartDrawer.chartGenerator.chartGeneratorUtilities.IncomingObjectTesterTest]
16:06:50.355 [Test worker] DEBUG org.springframework.test.context.support.AbstractDirtiesContextTestExecutionListener - Before test class: context [DefaultTestContext@11505315 testClass = IncomingObjectTesterTest, testInstance = [null], testMethod = [null], testException = [null], mergedContextConfiguration = [WebMergedContextConfiguration@830c572 testClass = IncomingObjectTesterTest, locations = '{}', classes = '{class frontend.VaadinApplication}', contextInitializerClasses = '[]', activeProfiles = '{}', propertySourceLocations = '{}', propertySourceProperties = '{org.springframework.boot.test.context.SpringBootTestContextBootstrapper=true}', contextCustomizers = set[org.springframework.boot.test.autoconfigure.properties.PropertyMappingContextCustomizer@0, org.springframework.boot.test.autoconfigure.web.servlet.WebDriverContextCustomizerFactory$Customizer@4bf7a81e, org.springframework.boot.test.context.filter.ExcludeFilterContextCustomizer@1811bdda, org.springframework.boot.test.json.DuplicateJsonObjectContextCustomizerFactory$DuplicateJsonObjectContextCustomizer@2c5c8d22, org.springframework.boot.test.mock.mockito.MockitoContextCustomizer@0, org.springframework.boot.test.web.client.TestRestTemplateContextCustomizer@5036a993], resourceBasePath = 'src/main/webapp', contextLoader = 'org.springframework.boot.test.context.SpringBootContextLoader', parent = [null]], attributes = map['org.springframework.test.context.web.ServletTestExecutionListener.activateListener' -> true]], class annotated with @DirtiesContext [false] with mode [null].
16:06:50.356 [Test worker] DEBUG org.springframework.test.annotation.ProfileValueUtils - Retrieved @ProfileValueSourceConfiguration [null] for test class [frontend.chartDrawer.chartGenerator.chartGeneratorUtilities.IncomingObjectTesterTest]
16:06:50.356 [Test worker] DEBUG org.springframework.test.annotation.ProfileValueUtils - Retrieved ProfileValueSource type [class org.springframework.test.annotation.SystemProfileValueSource] for class [frontend.chartDrawer.chartGenerator.chartGeneratorUtilities.IncomingObjectTesterTest]
16:06:50.375 [Test worker] DEBUG org.springframework.test.context.support.TestPropertySourceUtils - Adding inlined properties to environment: {spring.jmx.enabled=false, org.springframework.boot.test.context.SpringBootTestContextBootstrapper=true, server.port=-1}

  .   ____          _            __ _ _
 /\\ / ___'_ __ _ _(_)_ __  __ _ \ \ \ \
( ( )\___ | '_ | '_| | '_ \/ _` | \ \ \ \
 \\/  ___)| |_)| | | | | || (_| |  ) ) ) )
  '  |____| .__|_| |_|_| |_\__, | / / / /
 =========|_|==============|___/=/_/_/_/
 :: Spring Boot ::        (v2.1.7.RELEASE)

2020-03-28 16:06:50.626  INFO 10603 --- [    Test worker] f.c.c.c.IncomingObjectTesterTest         : Starting IncomingObjectTesterTest on luke-desktop with PID 10603 (started by luke in /home/luke/test_vaadin_project/vaadin_experimenting)
2020-03-28 16:06:50.627  INFO 10603 --- [    Test worker] f.c.c.c.IncomingObjectTesterTest         : No active profile set, falling back to default profiles: default
2020-03-28 16:06:52.169  INFO 10603 --- [    Test worker] o.s.s.concurrent.ThreadPoolTaskExecutor  : Initializing ExecutorService 'applicationTaskExecutor'
2020-03-28 16:06:52.483  INFO 10603 --- [    Test worker] f.c.c.c.IncomingObjectTesterTest         : Started IncomingObjectTesterTest in 2.101 seconds (JVM running for 2.841)
]]></system-out>
  <system-err><![CDATA[]]></system-err>
</testsuite>
