<?xml version="1.0" encoding="UTF-8"?>
<testsuite name="frontend.client.BackEndClientTest" tests="1" skipped="1" failures="0" errors="0" timestamp="2020-06-22T09:30:35" hostname="DESKTOP-JP0A0PE" time="0.0">
  <properties/>
  <testcase name="testGenerateUriGetCurrencyPairDataPoints" classname="frontend.client.BackEndClientTest" time="0.0">
    <skipped/>
  </testcase>
  <system-out><![CDATA[]]></system-out>
  <system-err><![CDATA[]]></system-err>
</testsuite>
