<?xml version="1.0" encoding="UTF-8"?>
<testsuite name="frontend.chartDrawer.chartGenerator.chartGeneratorUtilities.chartGridAndDescriptionGenerator.utilities.visibleValueFilterUtilities.PositionValueCalculatorTest" tests="1" skipped="0" failures="0" errors="0" timestamp="2020-04-12T16:15:20" hostname="luke-desktop" time="0.341">
  <properties/>
  <testcase name="calculatingValueTest" classname="frontend.chartDrawer.chartGenerator.chartGeneratorUtilities.chartGridAndDescriptionGenerator.utilities.visibleValueFilterUtilities.PositionValueCalculatorTest" time="0.341"/>
  <system-out><![CDATA[]]></system-out>
  <system-err><![CDATA[]]></system-err>
</testsuite>
