<?xml version="1.0" encoding="UTF-8"?>
<testsuite name="frontend.chartDrawer.chartGenerator.chartGeneratorUtilities.chartGridAndDescriptionGenerator.utilities.visibleValueFilterUtilities.RangeAnalyzerTest" tests="3" skipped="0" failures="0" errors="0" timestamp="2020-06-20T11:45:52" hostname="DESKTOP-JP0A0PE" time="0.003">
  <properties/>
  <testcase name="testComputingRangeCase1" classname="frontend.chartDrawer.chartGenerator.chartGeneratorUtilities.chartGridAndDescriptionGenerator.utilities.visibleValueFilterUtilities.RangeAnalyzerTest" time="0.001"/>
  <testcase name="testComputingRangeCase2" classname="frontend.chartDrawer.chartGenerator.chartGeneratorUtilities.chartGridAndDescriptionGenerator.utilities.visibleValueFilterUtilities.RangeAnalyzerTest" time="0.001"/>
  <testcase name="testComputingRangeCase3" classname="frontend.chartDrawer.chartGenerator.chartGeneratorUtilities.chartGridAndDescriptionGenerator.utilities.visibleValueFilterUtilities.RangeAnalyzerTest" time="0.001"/>
  <system-out><![CDATA[]]></system-out>
  <system-err><![CDATA[]]></system-err>
</testsuite>
