<?xml version="1.0" encoding="UTF-8"?>
<testsuite name="frontend.chartDrawer.chartGenerator.chartGeneratorUtilities.chartGridAndDescriptionGenerator.utilities.visibleValueFilterUtilities.ValuePositionPlacerTest" tests="1" skipped="0" failures="0" errors="0" timestamp="2020-04-12T14:00:39" hostname="luke-desktop" time="0.33">
  <properties/>
  <testcase name="testPositionPlacing" classname="frontend.chartDrawer.chartGenerator.chartGeneratorUtilities.chartGridAndDescriptionGenerator.utilities.visibleValueFilterUtilities.ValuePositionPlacerTest" time="0.33"/>
  <system-out><![CDATA[]]></system-out>
  <system-err><![CDATA[]]></system-err>
</testsuite>
