<?xml version="1.0" encoding="UTF-8"?>
<testsuite name="frontend.chartDrawer.chartGenerator.chartGeneratorUtilities.chartGridAndDescriptionGenerator.utilities.HorizontalLinesGeneratorTest" tests="1" skipped="0" failures="0" errors="0" timestamp="2020-04-13T15:48:30" hostname="luke-desktop" time="0.333">
  <properties/>
  <testcase name="testGeneratingLines" classname="frontend.chartDrawer.chartGenerator.chartGeneratorUtilities.chartGridAndDescriptionGenerator.utilities.HorizontalLinesGeneratorTest" time="0.333"/>
  <system-out><![CDATA[]]></system-out>
  <system-err><![CDATA[]]></system-err>
</testsuite>
